<?xml version="1.0" encoding="UTF-8" ?>

<testsuite failures="0" time="2.391" errors="0" skipped="0" tests="1" name="ApplicationTest">
  <testcase classname="ApplicationTest" name="testHelloWorldSearch" time="2.391">
      </testcase>
</testsuite>
